[2012-10-24 09:49:04]svc_init init log ok!
[2012-10-24 09:49:39]vfs_http.c:svc_initconn:39
[2012-10-24 09:49:39]a new fd[7] init ok!
[2012-10-24 09:49:39]file = ./main.c
[2012-10-24 09:49:39]close 7
[2012-10-24 09:49:49]vfs_http.c:svc_initconn:39
[2012-10-24 09:49:49]a new fd[7] init ok!
[2012-10-24 09:49:49]file = ./master
[2012-10-24 09:49:49]close 7
[2012-10-24 09:49:51]vfs_http.c:svc_initconn:39
[2012-10-24 09:49:51]a new fd[7] init ok!
[2012-10-24 09:49:51]file = ./master
[2012-10-24 09:49:51]close 7
[2012-10-24 09:49:52]vfs_http.c:svc_initconn:39
[2012-10-24 09:49:52]a new fd[7] init ok!
[2012-10-24 09:49:52]file = ./master
[2012-10-24 09:49:52]close 7
[2012-10-24 09:49:52]vfs_http.c:svc_initconn:39
[2012-10-24 09:49:52]a new fd[7] init ok!
[2012-10-24 09:49:52]file = ./master
[2012-10-24 09:49:52]close 7
[2012-10-24 09:49:53]vfs_http.c:svc_initconn:39
[2012-10-24 09:49:53]a new fd[7] init ok!
[2012-10-24 09:49:53]file = ./master
[2012-10-24 09:49:53]close 7
[2012-10-24 09:49:54]vfs_http.c:svc_initconn:39
[2012-10-24 09:49:54]a new fd[7] init ok!
[2012-10-24 09:49:54]file = ./master
[2012-10-24 09:49:54]close 7
[2012-10-24 09:49:55]vfs_http.c:svc_initconn:39
[2012-10-24 09:49:55]a new fd[7] init ok!
[2012-10-24 09:49:55]file = ./master
[2012-10-24 09:49:55]close 7
[2012-10-24 09:49:56]vfs_http.c:svc_initconn:39
[2012-10-24 09:49:56]a new fd[7] init ok!
[2012-10-24 09:49:56]file = ./master
[2012-10-24 09:49:56]close 7
[2012-10-24 09:49:56]vfs_http.c:svc_initconn:39
[2012-10-24 09:49:56]a new fd[7] init ok!
[2012-10-24 09:49:56]file = ./master
[2012-10-24 09:49:56]close 7
[2012-10-24 09:49:57]vfs_http.c:svc_initconn:39
[2012-10-24 09:49:57]a new fd[7] init ok!
[2012-10-24 09:49:57]file = ./master
[2012-10-24 09:49:57]close 7
[2012-10-24 09:49:58]vfs_http.c:svc_initconn:39
[2012-10-24 09:49:58]a new fd[7] init ok!
[2012-10-24 09:49:58]file = ./master
[2012-10-24 09:49:58]close 7
[2012-10-24 09:49:58]vfs_http.c:svc_initconn:39
[2012-10-24 09:49:58]a new fd[7] init ok!
[2012-10-24 09:49:58]file = ./master
[2012-10-24 09:49:58]close 7
[2012-10-24 09:49:59]vfs_http.c:svc_initconn:39
[2012-10-24 09:49:59]a new fd[7] init ok!
[2012-10-24 09:49:59]file = ./master
[2012-10-24 09:49:59]close 7
[2012-10-24 09:50:00]vfs_http.c:svc_initconn:39
[2012-10-24 09:50:00]a new fd[7] init ok!
[2012-10-24 09:50:00]file = ./master
[2012-10-24 09:50:00]close 7
