[2012-10-24 09:49:04]prepare start ./http/vfs_http.so
[2012-10-24 09:49:04]vfs_init.c:init_vfs_thread:422
[2012-10-24 09:49:04]./http/vfs_http.so listen on 8092
[2012-10-24 09:49:04]vfs_so.c:vfs_signalling_thread:354
[2012-10-24 09:49:39]something in!
[2012-10-24 09:49:39]vfs_so.c:accept_new:103
[2012-10-24 09:49:39]vfs_so.c:accept_new:113
[2012-10-24 09:49:39]vfs_so.c:accept_new:120
[2012-10-24 09:49:39]fd [7] be add into efd!
[2012-10-24 09:49:39]fd [7] set ok 7
[2012-10-24 09:49:39]vfs_so.c:accept_new:103
[2012-10-24 09:49:39]something in!
[2012-10-24 09:49:39]read event 1, 7
[2012-10-24 09:49:39]vfs_so.c:do_recv:235
[2012-10-24 09:49:39]vfs_so.c:do_recv:276
[2012-10-24 09:49:39]vfs_so.c:do_send:151
[2012-10-24 09:49:39]vfs_so.c:do_send:166
[2012-10-24 09:49:39]vfs_so.c:do_send:173 fd[7] send len 81, datalen 81
[2012-10-24 09:49:39]vfs_so.c:do_send:188
[2012-10-24 09:49:39]vfs_so.c:do_send:195 fd[7] send len 4800, datalen 4800
[2012-10-24 09:49:39]vfs_so.c:do_send:216
[2012-10-24 09:49:39]vfs_so.c:do_send:230
[2012-10-24 09:49:39]vfs_so.c:do_recv:293
[2012-10-24 09:49:39]something in!
[2012-10-24 09:49:39]read event 1, 7
[2012-10-24 09:49:39]vfs_so.c:do_recv:235
[2012-10-24 09:49:39]fd[7] close!
[2012-10-24 09:49:39]fd [7] bk 7
[2012-10-24 09:49:39]vfs_so.c:do_close:137 close fd 7
[2012-10-24 09:49:49]something in!
[2012-10-24 09:49:49]vfs_so.c:accept_new:103
[2012-10-24 09:49:49]vfs_so.c:accept_new:113
[2012-10-24 09:49:49]vfs_so.c:accept_new:120
[2012-10-24 09:49:49]fd [7] be add into efd!
[2012-10-24 09:49:49]fd [7] set ok 7
[2012-10-24 09:49:49]vfs_so.c:accept_new:103
[2012-10-24 09:49:49]something in!
[2012-10-24 09:49:49]read event 1, 7
[2012-10-24 09:49:49]vfs_so.c:do_recv:235
[2012-10-24 09:49:49]vfs_so.c:do_recv:276
[2012-10-24 09:49:49]vfs_so.c:do_send:151
[2012-10-24 09:49:49]vfs_so.c:do_send:166
[2012-10-24 09:49:49]vfs_so.c:do_send:173 fd[7] send len 83, datalen 83
[2012-10-24 09:49:49]vfs_so.c:do_send:188
[2012-10-24 09:49:49]vfs_so.c:do_send:195 fd[7] send len 57920, datalen 233001
[2012-10-24 09:49:49]vfs_so.c:do_send:220
[2012-10-24 09:49:49]vfs_so.c:do_send:230
[2012-10-24 09:49:49]vfs_so.c:do_recv:293
[2012-10-24 09:49:49]something in!
[2012-10-24 09:49:49]send event 4, 7
[2012-10-24 09:49:49]vfs_so.c:do_send:151
[2012-10-24 09:49:49]vfs_so.c:do_send:188
[2012-10-24 09:49:49]vfs_so.c:do_send:195 fd[7] send len 28960, datalen 175081
[2012-10-24 09:49:49]vfs_so.c:do_send:220
[2012-10-24 09:49:49]vfs_so.c:do_send:230
[2012-10-24 09:49:49]something in!
[2012-10-24 09:49:49]send event 4, 7
[2012-10-24 09:49:49]vfs_so.c:do_send:151
[2012-10-24 09:49:49]vfs_so.c:do_send:188
[2012-10-24 09:49:49]vfs_so.c:do_send:195 fd[7] send len 55024, datalen 146121
[2012-10-24 09:49:49]vfs_so.c:do_send:220
[2012-10-24 09:49:49]vfs_so.c:do_send:230
[2012-10-24 09:49:49]something in!
[2012-10-24 09:49:49]send event 4, 7
[2012-10-24 09:49:49]vfs_so.c:do_send:151
[2012-10-24 09:49:49]vfs_so.c:do_send:188
[2012-10-24 09:49:49]vfs_so.c:do_send:195 fd[7] send len 82536, datalen 91097
[2012-10-24 09:49:49]vfs_so.c:do_send:220
[2012-10-24 09:49:49]vfs_so.c:do_send:230
[2012-10-24 09:49:49]something in!
[2012-10-24 09:49:49]send event 4, 7
[2012-10-24 09:49:49]vfs_so.c:do_send:151
[2012-10-24 09:49:49]vfs_so.c:do_send:188
[2012-10-24 09:49:49]vfs_so.c:do_send:195 fd[7] send len 8561, datalen 8561
[2012-10-24 09:49:49]vfs_so.c:do_send:216
[2012-10-24 09:49:49]vfs_so.c:do_send:230
[2012-10-24 09:49:49]something in!
[2012-10-24 09:49:49]read event 1, 7
[2012-10-24 09:49:49]vfs_so.c:do_recv:235
[2012-10-24 09:49:49]fd[7] close!
[2012-10-24 09:49:49]fd [7] bk 7
[2012-10-24 09:49:49]vfs_so.c:do_close:137 close fd 7
[2012-10-24 09:49:51]something in!
[2012-10-24 09:49:51]vfs_so.c:accept_new:103
[2012-10-24 09:49:51]vfs_so.c:accept_new:113
[2012-10-24 09:49:51]vfs_so.c:accept_new:120
[2012-10-24 09:49:51]fd [7] be add into efd!
[2012-10-24 09:49:51]fd [7] set ok 7
[2012-10-24 09:49:51]vfs_so.c:accept_new:103
[2012-10-24 09:49:51]something in!
[2012-10-24 09:49:51]read event 1, 7
[2012-10-24 09:49:51]vfs_so.c:do_recv:235
[2012-10-24 09:49:51]vfs_so.c:do_recv:276
[2012-10-24 09:49:51]vfs_so.c:do_send:151
[2012-10-24 09:49:51]vfs_so.c:do_send:166
[2012-10-24 09:49:51]vfs_so.c:do_send:173 fd[7] send len 83, datalen 83
[2012-10-24 09:49:51]vfs_so.c:do_send:188
[2012-10-24 09:49:51]vfs_so.c:do_send:195 fd[7] send len 57920, datalen 233001
[2012-10-24 09:49:51]vfs_so.c:do_send:220
[2012-10-24 09:49:51]vfs_so.c:do_send:230
[2012-10-24 09:49:51]vfs_so.c:do_recv:293
[2012-10-24 09:49:51]something in!
[2012-10-24 09:49:51]send event 4, 7
[2012-10-24 09:49:51]vfs_so.c:do_send:151
[2012-10-24 09:49:51]vfs_so.c:do_send:188
[2012-10-24 09:49:51]vfs_so.c:do_send:195 fd[7] send len 46336, datalen 175081
[2012-10-24 09:49:51]vfs_so.c:do_send:220
[2012-10-24 09:49:51]vfs_so.c:do_send:230
[2012-10-24 09:49:51]something in!
[2012-10-24 09:49:51]send event 4, 7
[2012-10-24 09:49:51]vfs_so.c:do_send:151
[2012-10-24 09:49:51]vfs_so.c:do_send:188
[2012-10-24 09:49:51]vfs_so.c:do_send:195 fd[7] send len 57920, datalen 128745
[2012-10-24 09:49:51]vfs_so.c:do_send:220
[2012-10-24 09:49:51]vfs_so.c:do_send:230
[2012-10-24 09:49:51]something in!
[2012-10-24 09:49:51]send event 4, 7
[2012-10-24 09:49:51]vfs_so.c:do_send:151
[2012-10-24 09:49:51]vfs_so.c:do_send:188
[2012-10-24 09:49:51]vfs_so.c:do_send:195 fd[7] send len 70825, datalen 70825
[2012-10-24 09:49:51]vfs_so.c:do_send:216
[2012-10-24 09:49:51]vfs_so.c:do_send:230
[2012-10-24 09:49:51]something in!
[2012-10-24 09:49:51]read event 1, 7
[2012-10-24 09:49:51]vfs_so.c:do_recv:235
[2012-10-24 09:49:51]fd[7] close!
[2012-10-24 09:49:51]fd [7] bk 7
[2012-10-24 09:49:51]vfs_so.c:do_close:137 close fd 7
[2012-10-24 09:49:52]something in!
[2012-10-24 09:49:52]vfs_so.c:accept_new:103
[2012-10-24 09:49:52]vfs_so.c:accept_new:113
[2012-10-24 09:49:52]vfs_so.c:accept_new:120
[2012-10-24 09:49:52]fd [7] be add into efd!
[2012-10-24 09:49:52]fd [7] set ok 7
[2012-10-24 09:49:52]vfs_so.c:accept_new:103
[2012-10-24 09:49:52]something in!
[2012-10-24 09:49:52]read event 1, 7
[2012-10-24 09:49:52]vfs_so.c:do_recv:235
[2012-10-24 09:49:52]vfs_so.c:do_recv:276
[2012-10-24 09:49:52]vfs_so.c:do_send:151
[2012-10-24 09:49:52]vfs_so.c:do_send:166
[2012-10-24 09:49:52]vfs_so.c:do_send:173 fd[7] send len 83, datalen 83
[2012-10-24 09:49:52]vfs_so.c:do_send:188
[2012-10-24 09:49:52]vfs_so.c:do_send:195 fd[7] send len 57920, datalen 233001
[2012-10-24 09:49:52]vfs_so.c:do_send:220
[2012-10-24 09:49:52]vfs_so.c:do_send:230
[2012-10-24 09:49:52]vfs_so.c:do_recv:293
[2012-10-24 09:49:52]something in!
[2012-10-24 09:49:52]send event 4, 7
[2012-10-24 09:49:52]vfs_so.c:do_send:151
[2012-10-24 09:49:52]vfs_so.c:do_send:188
[2012-10-24 09:49:52]vfs_so.c:do_send:195 fd[7] send len 46336, datalen 175081
[2012-10-24 09:49:52]vfs_so.c:do_send:220
[2012-10-24 09:49:52]vfs_so.c:do_send:230
[2012-10-24 09:49:52]something in!
[2012-10-24 09:49:52]send event 4, 7
[2012-10-24 09:49:52]vfs_so.c:do_send:151
[2012-10-24 09:49:52]vfs_so.c:do_send:188
[2012-10-24 09:49:52]vfs_so.c:do_send:195 fd[7] send len 52128, datalen 128745
[2012-10-24 09:49:52]vfs_so.c:do_send:220
[2012-10-24 09:49:52]vfs_so.c:do_send:230
[2012-10-24 09:49:52]something in!
[2012-10-24 09:49:52]send event 4, 7
[2012-10-24 09:49:52]vfs_so.c:do_send:151
[2012-10-24 09:49:52]vfs_so.c:do_send:188
[2012-10-24 09:49:52]vfs_so.c:do_send:195 fd[7] send len 59368, datalen 76617
[2012-10-24 09:49:52]vfs_so.c:do_send:220
[2012-10-24 09:49:52]vfs_so.c:do_send:230
[2012-10-24 09:49:52]something in!
[2012-10-24 09:49:52]send event 4, 7
[2012-10-24 09:49:52]vfs_so.c:do_send:151
[2012-10-24 09:49:52]vfs_so.c:do_send:188
[2012-10-24 09:49:52]vfs_so.c:do_send:195 fd[7] send len 17249, datalen 17249
[2012-10-24 09:49:52]vfs_so.c:do_send:216
[2012-10-24 09:49:52]vfs_so.c:do_send:230
[2012-10-24 09:49:52]something in!
[2012-10-24 09:49:52]read event 1, 7
[2012-10-24 09:49:52]vfs_so.c:do_recv:235
[2012-10-24 09:49:52]fd[7] close!
[2012-10-24 09:49:52]fd [7] bk 7
[2012-10-24 09:49:52]vfs_so.c:do_close:137 close fd 7
[2012-10-24 09:49:52]something in!
[2012-10-24 09:49:52]vfs_so.c:accept_new:103
[2012-10-24 09:49:52]vfs_so.c:accept_new:113
[2012-10-24 09:49:52]vfs_so.c:accept_new:120
[2012-10-24 09:49:52]fd [7] be add into efd!
[2012-10-24 09:49:52]fd [7] set ok 7
[2012-10-24 09:49:52]vfs_so.c:accept_new:103
[2012-10-24 09:49:52]something in!
[2012-10-24 09:49:52]read event 1, 7
[2012-10-24 09:49:52]vfs_so.c:do_recv:235
[2012-10-24 09:49:52]vfs_so.c:do_recv:276
[2012-10-24 09:49:52]vfs_so.c:do_send:151
[2012-10-24 09:49:52]vfs_so.c:do_send:166
[2012-10-24 09:49:52]vfs_so.c:do_send:173 fd[7] send len 83, datalen 83
[2012-10-24 09:49:52]vfs_so.c:do_send:188
[2012-10-24 09:49:52]vfs_so.c:do_send:195 fd[7] send len 57920, datalen 233001
[2012-10-24 09:49:52]vfs_so.c:do_send:220
[2012-10-24 09:49:52]vfs_so.c:do_send:230
[2012-10-24 09:49:52]vfs_so.c:do_recv:293
[2012-10-24 09:49:52]something in!
[2012-10-24 09:49:52]send event 4, 7
[2012-10-24 09:49:52]vfs_so.c:do_send:151
[2012-10-24 09:49:52]vfs_so.c:do_send:188
[2012-10-24 09:49:52]vfs_so.c:do_send:195 fd[7] send len 46336, datalen 175081
[2012-10-24 09:49:52]vfs_so.c:do_send:220
[2012-10-24 09:49:52]vfs_so.c:do_send:230
[2012-10-24 09:49:52]something in!
[2012-10-24 09:49:52]send event 4, 7
[2012-10-24 09:49:52]vfs_so.c:do_send:151
[2012-10-24 09:49:52]vfs_so.c:do_send:188
[2012-10-24 09:49:52]vfs_so.c:do_send:195 fd[7] send len 41992, datalen 128745
[2012-10-24 09:49:52]vfs_so.c:do_send:220
[2012-10-24 09:49:52]vfs_so.c:do_send:230
[2012-10-24 09:49:52]something in!
[2012-10-24 09:49:52]send event 4, 7
[2012-10-24 09:49:52]vfs_so.c:do_send:151
[2012-10-24 09:49:52]vfs_so.c:do_send:188
[2012-10-24 09:49:52]vfs_so.c:do_send:195 fd[7] send len 52128, datalen 86753
[2012-10-24 09:49:52]vfs_so.c:do_send:220
[2012-10-24 09:49:52]vfs_so.c:do_send:230
[2012-10-24 09:49:52]something in!
[2012-10-24 09:49:52]send event 4, 7
[2012-10-24 09:49:52]vfs_so.c:do_send:151
[2012-10-24 09:49:52]vfs_so.c:do_send:188
[2012-10-24 09:49:52]vfs_so.c:do_send:195 fd[7] send len 34625, datalen 34625
[2012-10-24 09:49:52]vfs_so.c:do_send:216
[2012-10-24 09:49:52]vfs_so.c:do_send:230
[2012-10-24 09:49:52]something in!
[2012-10-24 09:49:52]read event 1, 7
[2012-10-24 09:49:52]vfs_so.c:do_recv:235
[2012-10-24 09:49:52]fd[7] close!
[2012-10-24 09:49:52]fd [7] bk 7
[2012-10-24 09:49:52]vfs_so.c:do_close:137 close fd 7
[2012-10-24 09:49:53]something in!
[2012-10-24 09:49:53]vfs_so.c:accept_new:103
[2012-10-24 09:49:53]vfs_so.c:accept_new:113
[2012-10-24 09:49:53]vfs_so.c:accept_new:120
[2012-10-24 09:49:53]fd [7] be add into efd!
[2012-10-24 09:49:53]fd [7] set ok 7
[2012-10-24 09:49:53]vfs_so.c:accept_new:103
[2012-10-24 09:49:53]something in!
[2012-10-24 09:49:53]read event 1, 7
[2012-10-24 09:49:53]vfs_so.c:do_recv:235
[2012-10-24 09:49:53]vfs_so.c:do_recv:276
[2012-10-24 09:49:53]vfs_so.c:do_send:151
[2012-10-24 09:49:53]vfs_so.c:do_send:166
[2012-10-24 09:49:53]vfs_so.c:do_send:173 fd[7] send len 83, datalen 83
[2012-10-24 09:49:53]vfs_so.c:do_send:188
[2012-10-24 09:49:53]vfs_so.c:do_send:195 fd[7] send len 57920, datalen 233001
[2012-10-24 09:49:53]vfs_so.c:do_send:220
[2012-10-24 09:49:53]vfs_so.c:do_send:230
[2012-10-24 09:49:53]vfs_so.c:do_recv:293
[2012-10-24 09:49:53]something in!
[2012-10-24 09:49:53]send event 4, 7
[2012-10-24 09:49:53]vfs_so.c:do_send:151
[2012-10-24 09:49:53]vfs_so.c:do_send:188
[2012-10-24 09:49:53]vfs_so.c:do_send:195 fd[7] send len 50680, datalen 175081
[2012-10-24 09:49:53]vfs_so.c:do_send:220
[2012-10-24 09:49:53]vfs_so.c:do_send:230
[2012-10-24 09:49:53]something in!
[2012-10-24 09:49:53]send event 4, 7
[2012-10-24 09:49:53]vfs_so.c:do_send:151
[2012-10-24 09:49:53]vfs_so.c:do_send:188
[2012-10-24 09:49:53]vfs_so.c:do_send:195 fd[7] send len 49232, datalen 124401
[2012-10-24 09:49:53]vfs_so.c:do_send:220
[2012-10-24 09:49:53]vfs_so.c:do_send:230
[2012-10-24 09:49:53]something in!
[2012-10-24 09:49:53]send event 4, 7
[2012-10-24 09:49:53]vfs_so.c:do_send:151
[2012-10-24 09:49:53]vfs_so.c:do_send:188
[2012-10-24 09:49:53]vfs_so.c:do_send:195 fd[7] send len 46336, datalen 75169
[2012-10-24 09:49:53]vfs_so.c:do_send:220
[2012-10-24 09:49:53]vfs_so.c:do_send:230
[2012-10-24 09:49:53]something in!
[2012-10-24 09:49:53]send event 4, 7
[2012-10-24 09:49:53]vfs_so.c:do_send:151
[2012-10-24 09:49:53]vfs_so.c:do_send:188
[2012-10-24 09:49:53]vfs_so.c:do_send:195 fd[7] send len 28833, datalen 28833
[2012-10-24 09:49:53]vfs_so.c:do_send:216
[2012-10-24 09:49:53]vfs_so.c:do_send:230
[2012-10-24 09:49:53]something in!
[2012-10-24 09:49:53]read event 1, 7
[2012-10-24 09:49:53]vfs_so.c:do_recv:235
[2012-10-24 09:49:53]fd[7] close!
[2012-10-24 09:49:53]fd [7] bk 7
[2012-10-24 09:49:53]vfs_so.c:do_close:137 close fd 7
[2012-10-24 09:49:54]something in!
[2012-10-24 09:49:54]vfs_so.c:accept_new:103
[2012-10-24 09:49:54]vfs_so.c:accept_new:113
[2012-10-24 09:49:54]vfs_so.c:accept_new:120
[2012-10-24 09:49:54]fd [7] be add into efd!
[2012-10-24 09:49:54]fd [7] set ok 7
[2012-10-24 09:49:54]vfs_so.c:accept_new:103
[2012-10-24 09:49:54]something in!
[2012-10-24 09:49:54]read event 1, 7
[2012-10-24 09:49:54]vfs_so.c:do_recv:235
[2012-10-24 09:49:54]vfs_so.c:do_recv:276
[2012-10-24 09:49:54]vfs_so.c:do_send:151
[2012-10-24 09:49:54]vfs_so.c:do_send:166
[2012-10-24 09:49:54]vfs_so.c:do_send:173 fd[7] send len 83, datalen 83
[2012-10-24 09:49:54]vfs_so.c:do_send:188
[2012-10-24 09:49:54]vfs_so.c:do_send:195 fd[7] send len 57920, datalen 233001
[2012-10-24 09:49:54]vfs_so.c:do_send:220
[2012-10-24 09:49:54]vfs_so.c:do_send:230
[2012-10-24 09:49:54]vfs_so.c:do_recv:293
[2012-10-24 09:49:54]something in!
[2012-10-24 09:49:54]send event 4, 7
[2012-10-24 09:49:54]vfs_so.c:do_send:151
[2012-10-24 09:49:54]vfs_so.c:do_send:188
[2012-10-24 09:49:54]vfs_so.c:do_send:195 fd[7] send len 46336, datalen 175081
[2012-10-24 09:49:54]vfs_so.c:do_send:220
[2012-10-24 09:49:54]vfs_so.c:do_send:230
[2012-10-24 09:49:54]something in!
[2012-10-24 09:49:54]send event 4, 7
[2012-10-24 09:49:54]vfs_so.c:do_send:151
[2012-10-24 09:49:54]vfs_so.c:do_send:188
[2012-10-24 09:49:54]vfs_so.c:do_send:195 fd[7] send len 52128, datalen 128745
[2012-10-24 09:49:54]vfs_so.c:do_send:220
[2012-10-24 09:49:54]vfs_so.c:do_send:230
[2012-10-24 09:49:54]something in!
[2012-10-24 09:49:54]send event 4, 7
[2012-10-24 09:49:54]vfs_so.c:do_send:151
[2012-10-24 09:49:54]vfs_so.c:do_send:188
[2012-10-24 09:49:54]vfs_so.c:do_send:195 fd[7] send len 65160, datalen 76617
[2012-10-24 09:49:54]vfs_so.c:do_send:220
[2012-10-24 09:49:54]vfs_so.c:do_send:230
[2012-10-24 09:49:54]something in!
[2012-10-24 09:49:54]send event 4, 7
[2012-10-24 09:49:54]vfs_so.c:do_send:151
[2012-10-24 09:49:54]vfs_so.c:do_send:188
[2012-10-24 09:49:54]vfs_so.c:do_send:195 fd[7] send len 11457, datalen 11457
[2012-10-24 09:49:54]vfs_so.c:do_send:216
[2012-10-24 09:49:54]vfs_so.c:do_send:230
[2012-10-24 09:49:54]something in!
[2012-10-24 09:49:54]read event 1, 7
[2012-10-24 09:49:54]vfs_so.c:do_recv:235
[2012-10-24 09:49:54]fd[7] close!
[2012-10-24 09:49:54]fd [7] bk 7
[2012-10-24 09:49:54]vfs_so.c:do_close:137 close fd 7
[2012-10-24 09:49:55]something in!
[2012-10-24 09:49:55]vfs_so.c:accept_new:103
[2012-10-24 09:49:55]vfs_so.c:accept_new:113
[2012-10-24 09:49:55]vfs_so.c:accept_new:120
[2012-10-24 09:49:55]fd [7] be add into efd!
[2012-10-24 09:49:55]fd [7] set ok 7
[2012-10-24 09:49:55]vfs_so.c:accept_new:103
[2012-10-24 09:49:55]something in!
[2012-10-24 09:49:55]read event 1, 7
[2012-10-24 09:49:55]vfs_so.c:do_recv:235
[2012-10-24 09:49:55]vfs_so.c:do_recv:276
[2012-10-24 09:49:55]vfs_so.c:do_send:151
[2012-10-24 09:49:55]vfs_so.c:do_send:166
[2012-10-24 09:49:55]vfs_so.c:do_send:173 fd[7] send len 83, datalen 83
[2012-10-24 09:49:55]vfs_so.c:do_send:188
[2012-10-24 09:49:55]vfs_so.c:do_send:195 fd[7] send len 57920, datalen 233001
[2012-10-24 09:49:55]vfs_so.c:do_send:220
[2012-10-24 09:49:55]vfs_so.c:do_send:230
[2012-10-24 09:49:55]vfs_so.c:do_recv:293
[2012-10-24 09:49:55]something in!
[2012-10-24 09:49:55]send event 4, 7
[2012-10-24 09:49:55]vfs_so.c:do_send:151
[2012-10-24 09:49:55]vfs_so.c:do_send:188
[2012-10-24 09:49:55]vfs_so.c:do_send:195 fd[7] send len 55024, datalen 175081
[2012-10-24 09:49:55]vfs_so.c:do_send:220
[2012-10-24 09:49:55]vfs_so.c:do_send:230
[2012-10-24 09:49:55]something in!
[2012-10-24 09:49:55]send event 4, 7
[2012-10-24 09:49:55]vfs_so.c:do_send:151
[2012-10-24 09:49:55]vfs_so.c:do_send:188
[2012-10-24 09:49:55]vfs_so.c:do_send:195 fd[7] send len 50680, datalen 120057
[2012-10-24 09:49:55]vfs_so.c:do_send:220
[2012-10-24 09:49:55]vfs_so.c:do_send:230
[2012-10-24 09:49:55]something in!
[2012-10-24 09:49:55]send event 4, 7
[2012-10-24 09:49:55]vfs_so.c:do_send:151
[2012-10-24 09:49:55]vfs_so.c:do_send:188
[2012-10-24 09:49:55]vfs_so.c:do_send:195 fd[7] send len 55024, datalen 69377
[2012-10-24 09:49:55]vfs_so.c:do_send:220
[2012-10-24 09:49:55]vfs_so.c:do_send:230
[2012-10-24 09:49:55]something in!
[2012-10-24 09:49:55]send event 4, 7
[2012-10-24 09:49:55]vfs_so.c:do_send:151
[2012-10-24 09:49:55]vfs_so.c:do_send:188
[2012-10-24 09:49:55]vfs_so.c:do_send:195 fd[7] send len 14353, datalen 14353
[2012-10-24 09:49:55]vfs_so.c:do_send:216
[2012-10-24 09:49:55]vfs_so.c:do_send:230
[2012-10-24 09:49:55]something in!
[2012-10-24 09:49:55]read event 1, 7
[2012-10-24 09:49:55]vfs_so.c:do_recv:235
[2012-10-24 09:49:55]fd[7] close!
[2012-10-24 09:49:55]fd [7] bk 7
[2012-10-24 09:49:55]vfs_so.c:do_close:137 close fd 7
[2012-10-24 09:49:56]something in!
[2012-10-24 09:49:56]vfs_so.c:accept_new:103
[2012-10-24 09:49:56]vfs_so.c:accept_new:113
[2012-10-24 09:49:56]vfs_so.c:accept_new:120
[2012-10-24 09:49:56]fd [7] be add into efd!
[2012-10-24 09:49:56]fd [7] set ok 7
[2012-10-24 09:49:56]vfs_so.c:accept_new:103
[2012-10-24 09:49:56]something in!
[2012-10-24 09:49:56]read event 1, 7
[2012-10-24 09:49:56]vfs_so.c:do_recv:235
[2012-10-24 09:49:56]vfs_so.c:do_recv:276
[2012-10-24 09:49:56]vfs_so.c:do_send:151
[2012-10-24 09:49:56]vfs_so.c:do_send:166
[2012-10-24 09:49:56]vfs_so.c:do_send:173 fd[7] send len 83, datalen 83
[2012-10-24 09:49:56]vfs_so.c:do_send:188
[2012-10-24 09:49:56]vfs_so.c:do_send:195 fd[7] send len 57920, datalen 233001
[2012-10-24 09:49:56]vfs_so.c:do_send:220
[2012-10-24 09:49:56]vfs_so.c:do_send:230
[2012-10-24 09:49:56]vfs_so.c:do_recv:293
[2012-10-24 09:49:56]something in!
[2012-10-24 09:49:56]send event 4, 7
[2012-10-24 09:49:56]vfs_so.c:do_send:151
[2012-10-24 09:49:56]vfs_so.c:do_send:188
[2012-10-24 09:49:56]vfs_so.c:do_send:195 fd[7] send len 55024, datalen 175081
[2012-10-24 09:49:56]vfs_so.c:do_send:220
[2012-10-24 09:49:56]vfs_so.c:do_send:230
[2012-10-24 09:49:56]something in!
[2012-10-24 09:49:56]send event 4, 7
[2012-10-24 09:49:56]vfs_so.c:do_send:151
[2012-10-24 09:49:56]vfs_so.c:do_send:188
[2012-10-24 09:49:56]vfs_so.c:do_send:195 fd[7] send len 49232, datalen 120057
[2012-10-24 09:49:56]vfs_so.c:do_send:220
[2012-10-24 09:49:56]vfs_so.c:do_send:230
[2012-10-24 09:49:56]something in!
[2012-10-24 09:49:56]send event 4, 7
[2012-10-24 09:49:56]vfs_so.c:do_send:151
[2012-10-24 09:49:56]vfs_so.c:do_send:188
[2012-10-24 09:49:56]vfs_so.c:do_send:195 fd[7] send len 62264, datalen 70825
[2012-10-24 09:49:56]vfs_so.c:do_send:220
[2012-10-24 09:49:56]vfs_so.c:do_send:230
[2012-10-24 09:49:56]something in!
[2012-10-24 09:49:56]send event 4, 7
[2012-10-24 09:49:56]vfs_so.c:do_send:151
[2012-10-24 09:49:56]vfs_so.c:do_send:188
[2012-10-24 09:49:56]vfs_so.c:do_send:195 fd[7] send len 8561, datalen 8561
[2012-10-24 09:49:56]vfs_so.c:do_send:216
[2012-10-24 09:49:56]vfs_so.c:do_send:230
[2012-10-24 09:49:56]something in!
[2012-10-24 09:49:56]read event 1, 7
[2012-10-24 09:49:56]vfs_so.c:do_recv:235
[2012-10-24 09:49:56]fd[7] close!
[2012-10-24 09:49:56]fd [7] bk 7
[2012-10-24 09:49:56]vfs_so.c:do_close:137 close fd 7
[2012-10-24 09:49:56]something in!
[2012-10-24 09:49:56]vfs_so.c:accept_new:103
[2012-10-24 09:49:56]vfs_so.c:accept_new:113
[2012-10-24 09:49:56]vfs_so.c:accept_new:120
[2012-10-24 09:49:56]fd [7] be add into efd!
[2012-10-24 09:49:56]fd [7] set ok 7
[2012-10-24 09:49:56]vfs_so.c:accept_new:103
[2012-10-24 09:49:56]something in!
[2012-10-24 09:49:56]read event 1, 7
[2012-10-24 09:49:56]vfs_so.c:do_recv:235
[2012-10-24 09:49:56]vfs_so.c:do_recv:276
[2012-10-24 09:49:56]vfs_so.c:do_send:151
[2012-10-24 09:49:56]vfs_so.c:do_send:166
[2012-10-24 09:49:56]vfs_so.c:do_send:173 fd[7] send len 83, datalen 83
[2012-10-24 09:49:56]vfs_so.c:do_send:188
[2012-10-24 09:49:56]vfs_so.c:do_send:195 fd[7] send len 57920, datalen 233001
[2012-10-24 09:49:56]vfs_so.c:do_send:220
[2012-10-24 09:49:56]vfs_so.c:do_send:230
[2012-10-24 09:49:56]vfs_so.c:do_recv:293
[2012-10-24 09:49:56]something in!
[2012-10-24 09:49:56]send event 4, 7
[2012-10-24 09:49:56]vfs_so.c:do_send:151
[2012-10-24 09:49:56]vfs_so.c:do_send:188
[2012-10-24 09:49:56]vfs_so.c:do_send:195 fd[7] send len 43440, datalen 175081
[2012-10-24 09:49:56]vfs_so.c:do_send:220
[2012-10-24 09:49:56]vfs_so.c:do_send:230
[2012-10-24 09:49:56]something in!
[2012-10-24 09:49:56]send event 4, 7
[2012-10-24 09:49:56]vfs_so.c:do_send:151
[2012-10-24 09:49:56]vfs_so.c:do_send:188
[2012-10-24 09:49:56]vfs_so.c:do_send:195 fd[7] send len 62264, datalen 131641
[2012-10-24 09:49:56]vfs_so.c:do_send:220
[2012-10-24 09:49:56]vfs_so.c:do_send:230
[2012-10-24 09:49:56]something in!
[2012-10-24 09:49:56]send event 4, 7
[2012-10-24 09:49:56]vfs_so.c:do_send:151
[2012-10-24 09:49:56]vfs_so.c:do_send:188
[2012-10-24 09:49:56]vfs_so.c:do_send:195 fd[7] send len 52128, datalen 69377
[2012-10-24 09:49:56]vfs_so.c:do_send:220
[2012-10-24 09:49:56]vfs_so.c:do_send:230
[2012-10-24 09:49:56]something in!
[2012-10-24 09:49:56]send event 4, 7
[2012-10-24 09:49:56]vfs_so.c:do_send:151
[2012-10-24 09:49:56]vfs_so.c:do_send:188
[2012-10-24 09:49:56]vfs_so.c:do_send:195 fd[7] send len 17249, datalen 17249
[2012-10-24 09:49:56]vfs_so.c:do_send:216
[2012-10-24 09:49:56]vfs_so.c:do_send:230
[2012-10-24 09:49:56]something in!
[2012-10-24 09:49:56]read event 1, 7
[2012-10-24 09:49:56]vfs_so.c:do_recv:235
[2012-10-24 09:49:56]fd[7] close!
[2012-10-24 09:49:56]fd [7] bk 7
[2012-10-24 09:49:56]vfs_so.c:do_close:137 close fd 7
[2012-10-24 09:49:57]something in!
[2012-10-24 09:49:57]vfs_so.c:accept_new:103
[2012-10-24 09:49:57]vfs_so.c:accept_new:113
[2012-10-24 09:49:57]vfs_so.c:accept_new:120
[2012-10-24 09:49:57]fd [7] be add into efd!
[2012-10-24 09:49:57]fd [7] set ok 7
[2012-10-24 09:49:57]vfs_so.c:accept_new:103
[2012-10-24 09:49:57]something in!
[2012-10-24 09:49:57]read event 1, 7
[2012-10-24 09:49:57]vfs_so.c:do_recv:235
[2012-10-24 09:49:57]vfs_so.c:do_recv:276
[2012-10-24 09:49:57]vfs_so.c:do_send:151
[2012-10-24 09:49:57]vfs_so.c:do_send:166
[2012-10-24 09:49:57]vfs_so.c:do_send:173 fd[7] send len 83, datalen 83
[2012-10-24 09:49:57]vfs_so.c:do_send:188
[2012-10-24 09:49:57]vfs_so.c:do_send:195 fd[7] send len 57920, datalen 233001
[2012-10-24 09:49:57]vfs_so.c:do_send:220
[2012-10-24 09:49:57]vfs_so.c:do_send:230
[2012-10-24 09:49:57]vfs_so.c:do_recv:293
[2012-10-24 09:49:57]something in!
[2012-10-24 09:49:57]send event 4, 7
[2012-10-24 09:49:57]vfs_so.c:do_send:151
[2012-10-24 09:49:57]vfs_so.c:do_send:188
[2012-10-24 09:49:57]vfs_so.c:do_send:195 fd[7] send len 70952, datalen 175081
[2012-10-24 09:49:57]vfs_so.c:do_send:220
[2012-10-24 09:49:57]vfs_so.c:do_send:230
[2012-10-24 09:49:57]something in!
[2012-10-24 09:49:57]send event 4, 7
[2012-10-24 09:49:57]vfs_so.c:do_send:151
[2012-10-24 09:49:57]vfs_so.c:do_send:188
[2012-10-24 09:49:57]vfs_so.c:do_send:195 fd[7] send len 30408, datalen 104129
[2012-10-24 09:49:57]vfs_so.c:do_send:220
[2012-10-24 09:49:57]vfs_so.c:do_send:230
[2012-10-24 09:49:57]something in!
[2012-10-24 09:49:57]send event 4, 7
[2012-10-24 09:49:57]vfs_so.c:do_send:151
[2012-10-24 09:49:57]vfs_so.c:do_send:188
[2012-10-24 09:49:57]vfs_so.c:do_send:195 fd[7] send len 60816, datalen 73721
[2012-10-24 09:49:57]vfs_so.c:do_send:220
[2012-10-24 09:49:57]vfs_so.c:do_send:230
[2012-10-24 09:49:57]something in!
[2012-10-24 09:49:57]send event 4, 7
[2012-10-24 09:49:57]vfs_so.c:do_send:151
[2012-10-24 09:49:57]vfs_so.c:do_send:188
[2012-10-24 09:49:57]vfs_so.c:do_send:195 fd[7] send len 12905, datalen 12905
[2012-10-24 09:49:57]vfs_so.c:do_send:216
[2012-10-24 09:49:57]vfs_so.c:do_send:230
[2012-10-24 09:49:57]something in!
[2012-10-24 09:49:57]read event 1, 7
[2012-10-24 09:49:57]vfs_so.c:do_recv:235
[2012-10-24 09:49:57]fd[7] close!
[2012-10-24 09:49:57]fd [7] bk 7
[2012-10-24 09:49:57]vfs_so.c:do_close:137 close fd 7
[2012-10-24 09:49:58]something in!
[2012-10-24 09:49:58]vfs_so.c:accept_new:103
[2012-10-24 09:49:58]vfs_so.c:accept_new:113
[2012-10-24 09:49:58]vfs_so.c:accept_new:120
[2012-10-24 09:49:58]fd [7] be add into efd!
[2012-10-24 09:49:58]fd [7] set ok 7
[2012-10-24 09:49:58]vfs_so.c:accept_new:103
[2012-10-24 09:49:58]something in!
[2012-10-24 09:49:58]read event 1, 7
[2012-10-24 09:49:58]vfs_so.c:do_recv:235
[2012-10-24 09:49:58]vfs_so.c:do_recv:276
[2012-10-24 09:49:58]vfs_so.c:do_send:151
[2012-10-24 09:49:58]vfs_so.c:do_send:166
[2012-10-24 09:49:58]vfs_so.c:do_send:173 fd[7] send len 83, datalen 83
[2012-10-24 09:49:58]vfs_so.c:do_send:188
[2012-10-24 09:49:58]vfs_so.c:do_send:195 fd[7] send len 57920, datalen 233001
[2012-10-24 09:49:58]vfs_so.c:do_send:220
[2012-10-24 09:49:58]vfs_so.c:do_send:230
[2012-10-24 09:49:58]vfs_so.c:do_recv:293
[2012-10-24 09:49:58]something in!
[2012-10-24 09:49:58]send event 4, 7
[2012-10-24 09:49:58]vfs_so.c:do_send:151
[2012-10-24 09:49:58]vfs_so.c:do_send:188
[2012-10-24 09:49:58]vfs_so.c:do_send:195 fd[7] send len 52128, datalen 175081
[2012-10-24 09:49:58]vfs_so.c:do_send:220
[2012-10-24 09:49:58]vfs_so.c:do_send:230
[2012-10-24 09:49:58]something in!
[2012-10-24 09:49:58]send event 4, 7
[2012-10-24 09:49:58]vfs_so.c:do_send:151
[2012-10-24 09:49:58]vfs_so.c:do_send:188
[2012-10-24 09:49:58]vfs_so.c:do_send:195 fd[7] send len 50680, datalen 122953
[2012-10-24 09:49:58]vfs_so.c:do_send:220
[2012-10-24 09:49:58]vfs_so.c:do_send:230
[2012-10-24 09:49:58]something in!
[2012-10-24 09:49:58]send event 4, 7
[2012-10-24 09:49:58]vfs_so.c:do_send:151
[2012-10-24 09:49:58]vfs_so.c:do_send:188
[2012-10-24 09:49:58]vfs_so.c:do_send:195 fd[7] send len 49232, datalen 72273
[2012-10-24 09:49:58]vfs_so.c:do_send:220
[2012-10-24 09:49:58]vfs_so.c:do_send:230
[2012-10-24 09:49:58]something in!
[2012-10-24 09:49:58]send event 4, 7
[2012-10-24 09:49:58]vfs_so.c:do_send:151
[2012-10-24 09:49:58]vfs_so.c:do_send:188
[2012-10-24 09:49:58]vfs_so.c:do_send:195 fd[7] send len 23041, datalen 23041
[2012-10-24 09:49:58]vfs_so.c:do_send:216
[2012-10-24 09:49:58]vfs_so.c:do_send:230
[2012-10-24 09:49:58]something in!
[2012-10-24 09:49:58]read event 1, 7
[2012-10-24 09:49:58]vfs_so.c:do_recv:235
[2012-10-24 09:49:58]fd[7] close!
[2012-10-24 09:49:58]fd [7] bk 7
[2012-10-24 09:49:58]vfs_so.c:do_close:137 close fd 7
[2012-10-24 09:49:58]something in!
[2012-10-24 09:49:58]vfs_so.c:accept_new:103
[2012-10-24 09:49:58]vfs_so.c:accept_new:113
[2012-10-24 09:49:58]vfs_so.c:accept_new:120
[2012-10-24 09:49:58]fd [7] be add into efd!
[2012-10-24 09:49:58]fd [7] set ok 7
[2012-10-24 09:49:58]vfs_so.c:accept_new:103
[2012-10-24 09:49:58]something in!
[2012-10-24 09:49:58]read event 1, 7
[2012-10-24 09:49:58]vfs_so.c:do_recv:235
[2012-10-24 09:49:58]vfs_so.c:do_recv:276
[2012-10-24 09:49:58]vfs_so.c:do_send:151
[2012-10-24 09:49:58]vfs_so.c:do_send:166
[2012-10-24 09:49:58]vfs_so.c:do_send:173 fd[7] send len 83, datalen 83
[2012-10-24 09:49:58]vfs_so.c:do_send:188
[2012-10-24 09:49:58]vfs_so.c:do_send:195 fd[7] send len 57920, datalen 233001
[2012-10-24 09:49:58]vfs_so.c:do_send:220
[2012-10-24 09:49:58]vfs_so.c:do_send:230
[2012-10-24 09:49:58]vfs_so.c:do_recv:293
[2012-10-24 09:49:58]something in!
[2012-10-24 09:49:58]send event 4, 7
[2012-10-24 09:49:58]vfs_so.c:do_send:151
[2012-10-24 09:49:58]vfs_so.c:do_send:188
[2012-10-24 09:49:58]vfs_so.c:do_send:195 fd[7] send len 69504, datalen 175081
[2012-10-24 09:49:58]vfs_so.c:do_send:220
[2012-10-24 09:49:58]vfs_so.c:do_send:230
[2012-10-24 09:49:58]something in!
[2012-10-24 09:49:58]send event 4, 7
[2012-10-24 09:49:58]vfs_so.c:do_send:151
[2012-10-24 09:49:58]vfs_so.c:do_send:188
[2012-10-24 09:49:58]vfs_so.c:do_send:195 fd[7] send len 65160, datalen 105577
[2012-10-24 09:49:58]vfs_so.c:do_send:220
[2012-10-24 09:49:58]vfs_so.c:do_send:230
[2012-10-24 09:49:58]something in!
[2012-10-24 09:49:58]send event 4, 7
[2012-10-24 09:49:58]vfs_so.c:do_send:151
[2012-10-24 09:49:58]vfs_so.c:do_send:188
[2012-10-24 09:49:58]vfs_so.c:do_send:195 fd[7] send len 40417, datalen 40417
[2012-10-24 09:49:58]vfs_so.c:do_send:216
[2012-10-24 09:49:58]vfs_so.c:do_send:230
[2012-10-24 09:49:58]something in!
[2012-10-24 09:49:58]read event 1, 7
[2012-10-24 09:49:58]vfs_so.c:do_recv:235
[2012-10-24 09:49:58]fd[7] close!
[2012-10-24 09:49:58]fd [7] bk 7
[2012-10-24 09:49:58]vfs_so.c:do_close:137 close fd 7
[2012-10-24 09:49:59]something in!
[2012-10-24 09:49:59]vfs_so.c:accept_new:103
[2012-10-24 09:49:59]vfs_so.c:accept_new:113
[2012-10-24 09:49:59]vfs_so.c:accept_new:120
[2012-10-24 09:49:59]fd [7] be add into efd!
[2012-10-24 09:49:59]fd [7] set ok 7
[2012-10-24 09:49:59]vfs_so.c:accept_new:103
[2012-10-24 09:49:59]something in!
[2012-10-24 09:49:59]read event 1, 7
[2012-10-24 09:49:59]vfs_so.c:do_recv:235
[2012-10-24 09:49:59]vfs_so.c:do_recv:276
[2012-10-24 09:49:59]vfs_so.c:do_send:151
[2012-10-24 09:49:59]vfs_so.c:do_send:166
[2012-10-24 09:49:59]vfs_so.c:do_send:173 fd[7] send len 83, datalen 83
[2012-10-24 09:49:59]vfs_so.c:do_send:188
[2012-10-24 09:49:59]vfs_so.c:do_send:195 fd[7] send len 57920, datalen 233001
[2012-10-24 09:49:59]vfs_so.c:do_send:220
[2012-10-24 09:49:59]vfs_so.c:do_send:230
[2012-10-24 09:49:59]vfs_so.c:do_recv:293
[2012-10-24 09:49:59]something in!
[2012-10-24 09:49:59]send event 4, 7
[2012-10-24 09:49:59]vfs_so.c:do_send:151
[2012-10-24 09:49:59]vfs_so.c:do_send:188
[2012-10-24 09:49:59]vfs_so.c:do_send:195 fd[7] send len 62264, datalen 175081
[2012-10-24 09:49:59]vfs_so.c:do_send:220
[2012-10-24 09:49:59]vfs_so.c:do_send:230
[2012-10-24 09:49:59]something in!
[2012-10-24 09:49:59]send event 4, 7
[2012-10-24 09:49:59]vfs_so.c:do_send:151
[2012-10-24 09:49:59]vfs_so.c:do_send:188
[2012-10-24 09:49:59]vfs_so.c:do_send:195 fd[7] send len 46336, datalen 112817
[2012-10-24 09:49:59]vfs_so.c:do_send:220
[2012-10-24 09:49:59]vfs_so.c:do_send:230
[2012-10-24 09:49:59]something in!
[2012-10-24 09:49:59]send event 4, 7
[2012-10-24 09:49:59]vfs_so.c:do_send:151
[2012-10-24 09:49:59]vfs_so.c:do_send:188
[2012-10-24 09:49:59]vfs_so.c:do_send:195 fd[7] send len 49232, datalen 66481
[2012-10-24 09:49:59]vfs_so.c:do_send:220
[2012-10-24 09:49:59]vfs_so.c:do_send:230
[2012-10-24 09:49:59]something in!
[2012-10-24 09:49:59]send event 4, 7
[2012-10-24 09:49:59]vfs_so.c:do_send:151
[2012-10-24 09:49:59]vfs_so.c:do_send:188
[2012-10-24 09:49:59]vfs_so.c:do_send:195 fd[7] send len 17249, datalen 17249
[2012-10-24 09:49:59]vfs_so.c:do_send:216
[2012-10-24 09:49:59]vfs_so.c:do_send:230
[2012-10-24 09:49:59]something in!
[2012-10-24 09:49:59]read event 1, 7
[2012-10-24 09:49:59]vfs_so.c:do_recv:235
[2012-10-24 09:49:59]fd[7] close!
[2012-10-24 09:49:59]fd [7] bk 7
[2012-10-24 09:49:59]vfs_so.c:do_close:137 close fd 7
[2012-10-24 09:50:00]something in!
[2012-10-24 09:50:00]vfs_so.c:accept_new:103
[2012-10-24 09:50:00]vfs_so.c:accept_new:113
[2012-10-24 09:50:00]vfs_so.c:accept_new:120
[2012-10-24 09:50:00]fd [7] be add into efd!
[2012-10-24 09:50:00]fd [7] set ok 7
[2012-10-24 09:50:00]vfs_so.c:accept_new:103
[2012-10-24 09:50:00]something in!
[2012-10-24 09:50:00]read event 1, 7
[2012-10-24 09:50:00]vfs_so.c:do_recv:235
[2012-10-24 09:50:00]vfs_so.c:do_recv:276
[2012-10-24 09:50:00]vfs_so.c:do_send:151
[2012-10-24 09:50:00]vfs_so.c:do_send:166
[2012-10-24 09:50:00]vfs_so.c:do_send:173 fd[7] send len 83, datalen 83
[2012-10-24 09:50:00]vfs_so.c:do_send:188
[2012-10-24 09:50:00]vfs_so.c:do_send:195 fd[7] send len 57920, datalen 233001
[2012-10-24 09:50:00]vfs_so.c:do_send:220
[2012-10-24 09:50:00]vfs_so.c:do_send:230
[2012-10-24 09:50:00]vfs_so.c:do_recv:293
[2012-10-24 09:50:00]something in!
[2012-10-24 09:50:00]send event 4, 7
[2012-10-24 09:50:00]vfs_so.c:do_send:151
[2012-10-24 09:50:00]vfs_so.c:do_send:188
[2012-10-24 09:50:00]vfs_so.c:do_send:195 fd[7] send len 63712, datalen 175081
[2012-10-24 09:50:00]vfs_so.c:do_send:220
[2012-10-24 09:50:00]vfs_so.c:do_send:230
[2012-10-24 09:50:00]something in!
[2012-10-24 09:50:00]send event 4, 7
[2012-10-24 09:50:00]vfs_so.c:do_send:151
[2012-10-24 09:50:00]vfs_so.c:do_send:188
[2012-10-24 09:50:00]vfs_so.c:do_send:195 fd[7] send len 37648, datalen 111369
[2012-10-24 09:50:00]vfs_so.c:do_send:220
[2012-10-24 09:50:00]vfs_so.c:do_send:230
[2012-10-24 09:50:00]something in!
[2012-10-24 09:50:00]send event 4, 7
[2012-10-24 09:50:00]vfs_so.c:do_send:151
[2012-10-24 09:50:00]vfs_so.c:do_send:188
[2012-10-24 09:50:00]vfs_so.c:do_send:195 fd[7] send len 34752, datalen 73721
[2012-10-24 09:50:00]vfs_so.c:do_send:220
[2012-10-24 09:50:00]vfs_so.c:do_send:230
[2012-10-24 09:50:00]something in!
[2012-10-24 09:50:00]send event 4, 7
[2012-10-24 09:50:00]vfs_so.c:do_send:151
[2012-10-24 09:50:00]vfs_so.c:do_send:188
[2012-10-24 09:50:00]vfs_so.c:do_send:195 fd[7] send len 38969, datalen 38969
[2012-10-24 09:50:00]vfs_so.c:do_send:216
[2012-10-24 09:50:00]vfs_so.c:do_send:230
[2012-10-24 09:50:00]something in!
[2012-10-24 09:50:00]read event 1, 7
[2012-10-24 09:50:00]vfs_so.c:do_recv:235
[2012-10-24 09:50:00]fd[7] close!
[2012-10-24 09:50:00]fd [7] bk 7
[2012-10-24 09:50:00]vfs_so.c:do_close:137 close fd 7
